<?xml version="1.0" encoding="UTF-8"?>
<!-- Generated by org.testng.reporters.JUnitReportReporter -->
<testsuite skipped="0" hostname="DESKTOP-8I8VLRQ" name="Velocity.Speed" tests="2" failures="0" timestamp="2023-04-27T12:55:38 IST" time="19.669" errors="0">
  <testcase name="businessTest" time="14.569" classname="Velocity.Speed"/>
  <system-out/>
  <testcase name="logicTest" time="5.100" classname="Velocity.Speed"/>
  <system-out/>
</testsuite> <!-- Velocity.Speed -->
